-- The C compiler identification is Clang 18.1.3
-- The CXX compiler identification is Clang 18.1.3
-- Detecting C compiler ABI info
-- Detecting C compiler ABI info - done
-- Check for working C compiler: /usr/bin/clang - skipped
-- Detecting C compile features
-- Detecting C compile features - done
-- Detecting CXX compiler ABI info
-- Detecting CXX compiler ABI info - done
-- Check for working CXX compiler: /usr/bin/clang++ - skipped
-- Detecting CXX compile features
-- Detecting CXX compile features - done
-- Found ament_cmake: 2.5.5 (/opt/ros/jazzy/share/ament_cmake/cmake)
-- Found Python3: /usr/bin/python3 (found version "3.12.3") found components: Interpreter 
-- Override CMake install command with custom implementation using symlinks instead of copying resources
-- Found rclcpp: 28.1.16 (/opt/ros/jazzy/share/rclcpp/cmake)
-- Found rosidl_generator_c: 4.6.7 (/opt/ros/jazzy/share/rosidl_generator_c/cmake)
-- Found rosidl_generator_cpp: 4.6.7 (/opt/ros/jazzy/share/rosidl_generator_cpp/cmake)
-- Using all available rosidl_typesupport_c: rosidl_typesupport_fastrtps_c;rosidl_typesupport_introspection_c
-- Using all available rosidl_typesupport_cpp: rosidl_typesupport_fastrtps_cpp;rosidl_typesupport_introspection_cpp
-- Found rmw_implementation_cmake: 7.3.3 (/opt/ros/jazzy/share/rmw_implementation_cmake/cmake)
-- Found rmw_fastrtps_cpp: 8.4.3 (/opt/ros/jazzy/share/rmw_fastrtps_cpp/cmake)
-- Found OpenSSL: /usr/lib/x86_64-linux-gnu/libcrypto.so (found version "3.0.13")  
-- Found FastRTPS: /opt/ros/jazzy/include (Required is at least version "2.13") 
-- Using RMW implementation 'rmw_fastrtps_cpp' as default
-- Found std_msgs: 5.3.6 (/opt/ros/jazzy/share/std_msgs/cmake)
-- Found ament_lint_auto: 0.17.4 (/opt/ros/jazzy/share/ament_lint_auto/cmake)
-- Added test 'cppcheck' to perform static code analysis on C / C++ code
-- Configured cppcheck include dirs: $<BUILD_INTERFACE:/home/pablo/Personal/robotics_workspace/src/cartpole_sim/include>
-- Configured cppcheck exclude dirs and/or files: 
-- Added test 'lint_cmake' to check CMake code style
-- Added test 'uncrustify' to check C / C++ code style
-- Configured uncrustify additional arguments: 
-- Added test 'xmllint' to check XML markup files
-- Configuring done (1.1s)
-- Generating done (0.0s)
-- Build files have been written to: /home/pablo/Personal/robotics_workspace/build/cartpole_sim
[ 50%] [32mBuilding CXX object CMakeFiles/cartpole_node.dir/src/cartpole_node.cpp.o[0m
[100%] [32m[1mLinking CXX executable cartpole_node[0m
[100%] Built target cartpole_node
-- Install configuration: ""
-- Execute custom install script
-- Symlinking: /home/pablo/Personal/robotics_workspace/install/cartpole_sim/lib/cartpole_sim/cartpole_node
-- Symlinking: /home/pablo/Personal/robotics_workspace/install/cartpole_sim/share/ament_index/resource_index/package_run_dependencies/cartpole_sim
-- Symlinking: /home/pablo/Personal/robotics_workspace/install/cartpole_sim/share/ament_index/resource_index/parent_prefix_path/cartpole_sim
-- Symlinking: /home/pablo/Personal/robotics_workspace/install/cartpole_sim/share/cartpole_sim/environment/ament_prefix_path.sh
-- Symlinking: /home/pablo/Personal/robotics_workspace/install/cartpole_sim/share/cartpole_sim/environment/ament_prefix_path.dsv
-- Symlinking: /home/pablo/Personal/robotics_workspace/install/cartpole_sim/share/cartpole_sim/environment/path.sh
-- Symlinking: /home/pablo/Personal/robotics_workspace/install/cartpole_sim/share/cartpole_sim/environment/path.dsv
-- Symlinking: /home/pablo/Personal/robotics_workspace/install/cartpole_sim/share/cartpole_sim/local_setup.bash
-- Symlinking: /home/pablo/Personal/robotics_workspace/install/cartpole_sim/share/cartpole_sim/local_setup.sh
-- Symlinking: /home/pablo/Personal/robotics_workspace/install/cartpole_sim/share/cartpole_sim/local_setup.zsh
-- Symlinking: /home/pablo/Personal/robotics_workspace/install/cartpole_sim/share/cartpole_sim/local_setup.dsv
-- Symlinking: /home/pablo/Personal/robotics_workspace/install/cartpole_sim/share/cartpole_sim/package.dsv
-- Symlinking: /home/pablo/Personal/robotics_workspace/install/cartpole_sim/share/ament_index/resource_index/packages/cartpole_sim
-- Symlinking: /home/pablo/Personal/robotics_workspace/install/cartpole_sim/share/cartpole_sim/cmake/cartpole_simConfig.cmake
-- Symlinking: /home/pablo/Personal/robotics_workspace/install/cartpole_sim/share/cartpole_sim/cmake/cartpole_simConfig-version.cmake
-- Symlinking: /home/pablo/Personal/robotics_workspace/install/cartpole_sim/share/cartpole_sim/package.xml
