[0.007s] Invoking command in '/home/pablo/Personal/robotics_workspace/build/cartpole_sim': CMAKE_PREFIX_PATH=${CMAKE_PREFIX_PATH}:/opt/ros/jazzy DEBUGINFOD_URLS=https://debuginfod.archlinux.org /usr/bin/cmake /home/pablo/Personal/robotics_workspace/src/cartpole_sim -DCMAKE_EXPORT_COMPILE_COMMANDS=ON -DAMENT_CMAKE_SYMLINK_INSTALL=1 -DCMAKE_INSTALL_PREFIX=/home/pablo/Personal/robotics_workspace/install/cartpole_sim
[0.182s] -- The C compiler identification is Clang 18.1.3
[0.255s] -- The CXX compiler identification is Clang 18.1.3
[0.291s] -- Detecting C compiler ABI info
[0.395s] -- Detecting C compiler ABI info - done
[0.399s] -- Check for working C compiler: /usr/bin/clang - skipped
[0.399s] -- Detecting C compile features
[0.400s] -- Detecting C compile features - done
[0.422s] -- Detecting CXX compiler ABI info
[0.543s] -- Detecting CXX compiler ABI info - done
[0.551s] -- Check for working CXX compiler: /usr/bin/clang++ - skipped
[0.551s] -- Detecting CXX compile features
[0.551s] -- Detecting CXX compile features - done
[0.556s] -- Found ament_cmake: 2.5.5 (/opt/ros/jazzy/share/ament_cmake/cmake)
[0.656s] -- Found Python3: /usr/bin/python3 (found version "3.12.3") found components: Interpreter 
[0.716s] -- Override CMake install command with custom implementation using symlinks instead of copying resources
[0.740s] -- Found rclcpp: 28.1.16 (/opt/ros/jazzy/share/rclcpp/cmake)
[0.773s] -- Found rosidl_generator_c: 4.6.7 (/opt/ros/jazzy/share/rosidl_generator_c/cmake)
[0.781s] -- Found rosidl_generator_cpp: 4.6.7 (/opt/ros/jazzy/share/rosidl_generator_cpp/cmake)
[0.791s] -- Using all available rosidl_typesupport_c: rosidl_typesupport_fastrtps_c;rosidl_typesupport_introspection_c
[0.804s] -- Using all available rosidl_typesupport_cpp: rosidl_typesupport_fastrtps_cpp;rosidl_typesupport_introspection_cpp
[0.862s] -- Found rmw_implementation_cmake: 7.3.3 (/opt/ros/jazzy/share/rmw_implementation_cmake/cmake)
[0.864s] -- Found rmw_fastrtps_cpp: 8.4.3 (/opt/ros/jazzy/share/rmw_fastrtps_cpp/cmake)
[0.929s] -- Found OpenSSL: /usr/lib/x86_64-linux-gnu/libcrypto.so (found version "3.0.13")  
[0.944s] -- Found FastRTPS: /opt/ros/jazzy/include (Required is at least version "2.13") 
[0.961s] -- Using RMW implementation 'rmw_fastrtps_cpp' as default
[1.031s] -- Found std_msgs: 5.3.6 (/opt/ros/jazzy/share/std_msgs/cmake)
[1.043s] -- Found ament_lint_auto: 0.17.4 (/opt/ros/jazzy/share/ament_lint_auto/cmake)
[1.111s] -- Added test 'cppcheck' to perform static code analysis on C / C++ code
[1.112s] -- Configured cppcheck include dirs: $<BUILD_INTERFACE:/home/pablo/Personal/robotics_workspace/src/cartpole_sim/include>
[1.112s] -- Configured cppcheck exclude dirs and/or files: 
[1.112s] -- Added test 'lint_cmake' to check CMake code style
[1.114s] -- Added test 'uncrustify' to check C / C++ code style
[1.114s] -- Configured uncrustify additional arguments: 
[1.114s] -- Added test 'xmllint' to check XML markup files
[1.116s] -- Configuring done (1.1s)
[1.123s] -- Generating done (0.0s)
[1.125s] -- Build files have been written to: /home/pablo/Personal/robotics_workspace/build/cartpole_sim
[1.132s] Invoked command in '/home/pablo/Personal/robotics_workspace/build/cartpole_sim' returned '0': CMAKE_PREFIX_PATH=${CMAKE_PREFIX_PATH}:/opt/ros/jazzy DEBUGINFOD_URLS=https://debuginfod.archlinux.org /usr/bin/cmake /home/pablo/Personal/robotics_workspace/src/cartpole_sim -DCMAKE_EXPORT_COMPILE_COMMANDS=ON -DAMENT_CMAKE_SYMLINK_INSTALL=1 -DCMAKE_INSTALL_PREFIX=/home/pablo/Personal/robotics_workspace/install/cartpole_sim
[1.133s] Invoking command in '/home/pablo/Personal/robotics_workspace/build/cartpole_sim': CMAKE_PREFIX_PATH=${CMAKE_PREFIX_PATH}:/opt/ros/jazzy DEBUGINFOD_URLS=https://debuginfod.archlinux.org /usr/bin/cmake --build /home/pablo/Personal/robotics_workspace/build/cartpole_sim -- -j12 -l12
[1.170s] [ 50%] [32mBuilding CXX object CMakeFiles/cartpole_node.dir/src/cartpole_node.cpp.o[0m
[3.137s] [100%] [32m[1mLinking CXX executable cartpole_node[0m
[3.250s] [100%] Built target cartpole_node
[3.259s] Invoked command in '/home/pablo/Personal/robotics_workspace/build/cartpole_sim' returned '0': CMAKE_PREFIX_PATH=${CMAKE_PREFIX_PATH}:/opt/ros/jazzy DEBUGINFOD_URLS=https://debuginfod.archlinux.org /usr/bin/cmake --build /home/pablo/Personal/robotics_workspace/build/cartpole_sim -- -j12 -l12
[3.265s] Invoking command in '/home/pablo/Personal/robotics_workspace/build/cartpole_sim': CMAKE_PREFIX_PATH=${CMAKE_PREFIX_PATH}:/opt/ros/jazzy DEBUGINFOD_URLS=https://debuginfod.archlinux.org /usr/bin/cmake --install /home/pablo/Personal/robotics_workspace/build/cartpole_sim
[3.271s] -- Install configuration: ""
[3.272s] -- Execute custom install script
[3.272s] -- Symlinking: /home/pablo/Personal/robotics_workspace/install/cartpole_sim/lib/cartpole_sim/cartpole_node
[3.277s] -- Symlinking: /home/pablo/Personal/robotics_workspace/install/cartpole_sim/share/ament_index/resource_index/package_run_dependencies/cartpole_sim
[3.284s] -- Symlinking: /home/pablo/Personal/robotics_workspace/install/cartpole_sim/share/ament_index/resource_index/parent_prefix_path/cartpole_sim
[3.290s] -- Symlinking: /home/pablo/Personal/robotics_workspace/install/cartpole_sim/share/cartpole_sim/environment/ament_prefix_path.sh
[3.296s] -- Symlinking: /home/pablo/Personal/robotics_workspace/install/cartpole_sim/share/cartpole_sim/environment/ament_prefix_path.dsv
[3.303s] -- Symlinking: /home/pablo/Personal/robotics_workspace/install/cartpole_sim/share/cartpole_sim/environment/path.sh
[3.310s] -- Symlinking: /home/pablo/Personal/robotics_workspace/install/cartpole_sim/share/cartpole_sim/environment/path.dsv
[3.318s] -- Symlinking: /home/pablo/Personal/robotics_workspace/install/cartpole_sim/share/cartpole_sim/local_setup.bash
[3.326s] -- Symlinking: /home/pablo/Personal/robotics_workspace/install/cartpole_sim/share/cartpole_sim/local_setup.sh
[3.333s] -- Symlinking: /home/pablo/Personal/robotics_workspace/install/cartpole_sim/share/cartpole_sim/local_setup.zsh
[3.340s] -- Symlinking: /home/pablo/Personal/robotics_workspace/install/cartpole_sim/share/cartpole_sim/local_setup.dsv
[3.346s] -- Symlinking: /home/pablo/Personal/robotics_workspace/install/cartpole_sim/share/cartpole_sim/package.dsv
[3.353s] -- Symlinking: /home/pablo/Personal/robotics_workspace/install/cartpole_sim/share/ament_index/resource_index/packages/cartpole_sim
[3.360s] -- Symlinking: /home/pablo/Personal/robotics_workspace/install/cartpole_sim/share/cartpole_sim/cmake/cartpole_simConfig.cmake
[3.366s] -- Symlinking: /home/pablo/Personal/robotics_workspace/install/cartpole_sim/share/cartpole_sim/cmake/cartpole_simConfig-version.cmake
[3.373s] -- Symlinking: /home/pablo/Personal/robotics_workspace/install/cartpole_sim/share/cartpole_sim/package.xml
[3.380s] Invoked command in '/home/pablo/Personal/robotics_workspace/build/cartpole_sim' returned '0': CMAKE_PREFIX_PATH=${CMAKE_PREFIX_PATH}:/opt/ros/jazzy DEBUGINFOD_URLS=https://debuginfod.archlinux.org /usr/bin/cmake --install /home/pablo/Personal/robotics_workspace/build/cartpole_sim
